c:\pqxx_project\project_pqxx\build\libpqxx-build\src\debug\pqxx.pdb
c:\users\drbo1\onedrive\рабочий стол\homework\homework_sqlcpp\lessson_4_sqlcpp\task_1\build\libpqxx-build\src\pqxx.dir\debug\stream_to.obj
c:\users\drbo1\onedrive\рабочий стол\homework\homework_sqlcpp\lessson_4_sqlcpp\task_1\build\libpqxx-build\src\pqxx.dir\debug\stream_from.obj
c:\users\drbo1\onedrive\рабочий стол\homework\homework_sqlcpp\lessson_4_sqlcpp\task_1\build\libpqxx-build\src\pqxx.dir\debug\strconv.obj
c:\users\drbo1\onedrive\рабочий стол\homework\homework_sqlcpp\lessson_4_sqlcpp\task_1\build\libpqxx-build\src\pqxx.dir\debug\sql_cursor.obj
c:\users\drbo1\onedrive\рабочий стол\homework\homework_sqlcpp\lessson_4_sqlcpp\task_1\build\libpqxx-build\src\pqxx.dir\debug\row.obj
c:\users\drbo1\onedrive\рабочий стол\homework\homework_sqlcpp\lessson_4_sqlcpp\task_1\build\libpqxx-build\src\pqxx.dir\debug\robusttransaction.obj
c:\users\drbo1\onedrive\рабочий стол\homework\homework_sqlcpp\lessson_4_sqlcpp\task_1\build\libpqxx-build\src\pqxx.dir\debug\result.obj
c:\users\drbo1\onedrive\рабочий стол\homework\homework_sqlcpp\lessson_4_sqlcpp\task_1\build\libpqxx-build\src\pqxx.dir\debug\pipeline.obj
c:\users\drbo1\onedrive\рабочий стол\homework\homework_sqlcpp\lessson_4_sqlcpp\task_1\build\libpqxx-build\src\pqxx.dir\debug\params.obj
c:\users\drbo1\onedrive\рабочий стол\homework\homework_sqlcpp\lessson_4_sqlcpp\task_1\build\libpqxx-build\src\pqxx.dir\debug\notification.obj
c:\users\drbo1\onedrive\рабочий стол\homework\homework_sqlcpp\lessson_4_sqlcpp\task_1\build\libpqxx-build\src\pqxx.dir\debug\largeobject.obj
c:\users\drbo1\onedrive\рабочий стол\homework\homework_sqlcpp\lessson_4_sqlcpp\task_1\build\libpqxx-build\src\pqxx.dir\debug\field.obj
c:\users\drbo1\onedrive\рабочий стол\homework\homework_sqlcpp\lessson_4_sqlcpp\task_1\build\libpqxx-build\src\pqxx.dir\debug\except.obj
c:\users\drbo1\onedrive\рабочий стол\homework\homework_sqlcpp\lessson_4_sqlcpp\task_1\build\libpqxx-build\src\pqxx.dir\debug\errorhandler.obj
c:\users\drbo1\onedrive\рабочий стол\homework\homework_sqlcpp\lessson_4_sqlcpp\task_1\build\libpqxx-build\src\pqxx.dir\debug\encodings.obj
c:\users\drbo1\onedrive\рабочий стол\homework\homework_sqlcpp\lessson_4_sqlcpp\task_1\build\libpqxx-build\src\pqxx.dir\debug\cursor.obj
c:\users\drbo1\onedrive\рабочий стол\homework\homework_sqlcpp\lessson_4_sqlcpp\task_1\build\libpqxx-build\src\pqxx.dir\debug\connection.obj
c:\users\drbo1\onedrive\рабочий стол\homework\homework_sqlcpp\lessson_4_sqlcpp\task_1\build\libpqxx-build\src\pqxx.dir\debug\blob.obj
c:\users\drbo1\onedrive\рабочий стол\homework\homework_sqlcpp\lessson_4_sqlcpp\task_1\build\libpqxx-build\src\pqxx.dir\debug\binarystring.obj
c:\users\drbo1\onedrive\рабочий стол\homework\homework_sqlcpp\lessson_4_sqlcpp\task_1\build\libpqxx-build\src\pqxx.dir\debug\array.obj
c:\users\drbo1\onedrive\рабочий стол\homework\homework_sqlcpp\lessson_4_sqlcpp\task_1\build\libpqxx-build\src\pqxx.dir\debug\wait.obj
c:\users\drbo1\onedrive\рабочий стол\homework\homework_sqlcpp\lessson_4_sqlcpp\task_1\build\libpqxx-build\src\pqxx.dir\debug\version.obj
c:\users\drbo1\onedrive\рабочий стол\homework\homework_sqlcpp\lessson_4_sqlcpp\task_1\build\libpqxx-build\src\pqxx.dir\debug\util.obj
c:\users\drbo1\onedrive\рабочий стол\homework\homework_sqlcpp\lessson_4_sqlcpp\task_1\build\libpqxx-build\src\pqxx.dir\debug\transaction_base.obj
c:\users\drbo1\onedrive\рабочий стол\homework\homework_sqlcpp\lessson_4_sqlcpp\task_1\build\libpqxx-build\src\pqxx.dir\debug\transaction.obj
c:\users\drbo1\onedrive\рабочий стол\homework\homework_sqlcpp\lessson_4_sqlcpp\task_1\build\libpqxx-build\src\pqxx.dir\debug\time.obj
c:\users\drbo1\onedrive\рабочий стол\homework\homework_sqlcpp\lessson_4_sqlcpp\task_1\build\libpqxx-build\src\pqxx.dir\debug\subtransaction.obj
c:\pqxx_project\project_pqxx\build\libpqxx-build\src\cmakefiles\generate.stamp
c:\pqxx_project\project_pqxx\build\libpqxx-build\src\debug\pqxx.lib
c:\users\drbo1\onedrive\рабочий стол\homework\homework_sqlcpp\lessson_4_sqlcpp\task_1\build\libpqxx-build\src\pqxx.dir\debug\pqxx.tlog\cl.command.1.tlog
c:\users\drbo1\onedrive\рабочий стол\homework\homework_sqlcpp\lessson_4_sqlcpp\task_1\build\libpqxx-build\src\pqxx.dir\debug\pqxx.tlog\cl.read.1.tlog
c:\users\drbo1\onedrive\рабочий стол\homework\homework_sqlcpp\lessson_4_sqlcpp\task_1\build\libpqxx-build\src\pqxx.dir\debug\pqxx.tlog\cl.write.1.tlog
c:\users\drbo1\onedrive\рабочий стол\homework\homework_sqlcpp\lessson_4_sqlcpp\task_1\build\libpqxx-build\src\pqxx.dir\debug\pqxx.tlog\custombuild.command.1.tlog
c:\users\drbo1\onedrive\рабочий стол\homework\homework_sqlcpp\lessson_4_sqlcpp\task_1\build\libpqxx-build\src\pqxx.dir\debug\pqxx.tlog\custombuild.read.1.tlog
c:\users\drbo1\onedrive\рабочий стол\homework\homework_sqlcpp\lessson_4_sqlcpp\task_1\build\libpqxx-build\src\pqxx.dir\debug\pqxx.tlog\custombuild.write.1.tlog
c:\users\drbo1\onedrive\рабочий стол\homework\homework_sqlcpp\lessson_4_sqlcpp\task_1\build\libpqxx-build\src\pqxx.dir\debug\pqxx.tlog\lib-link.read.1.tlog
c:\users\drbo1\onedrive\рабочий стол\homework\homework_sqlcpp\lessson_4_sqlcpp\task_1\build\libpqxx-build\src\pqxx.dir\debug\pqxx.tlog\lib-link.write.1.tlog
c:\users\drbo1\onedrive\рабочий стол\homework\homework_sqlcpp\lessson_4_sqlcpp\task_1\build\libpqxx-build\src\pqxx.dir\debug\pqxx.tlog\lib.command.1.tlog
